### list1: CAS comparing to others
cmp_lst1 <- c("arabidopsis_thaliana_rhizoplane_vs_CAS",
"arabidopsis_thaliana_rhizosphere_vs_CAS",
"arabidopsis_thaliana_root_vs_CAS",
"CAS_vs_chlamydomonas_reinhardtii_phycosphere",
"CAS_vs_lotus_japonicus_rhizosphere",
"CAS_vs_lotus_japonicus_root")

### list 2: cross compartment comparion
cmp_lst2 <- c("arabidopsis_thaliana_rhizoplane_vs_arabidopsis_thaliana_rhizosphere",
"arabidopsis_thaliana_rhizoplane_vs_arabidopsis_thaliana_root",
"arabidopsis_thaliana_rhizosphere_vs_arabidopsis_thaliana_root",
"lotus_japonicus_rhizosphere_vs_lotus_japonicus_root")

### list 3: cross host species comparison
cmp_lst3 <- c("arabidopsis_thaliana_rhizosphere_vs_lotus_japonicus_rhizosphere",
"arabidopsis_thaliana_root_vs_lotus_japonicus_root")

### list 4: other comparisons, cross host and compartment
cmp_lst4 <- c("arabidopsis_thaliana_rhizoplane_vs_chlamydomonas_reinhardtii_phycosphere",
"arabidopsis_thaliana_rhizoplane_vs_lotus_japonicus_rhizosphere",
"arabidopsis_thaliana_rhizoplane_vs_lotus_japonicus_root",
"arabidopsis_thaliana_rhizosphere_vs_chlamydomonas_reinhardtii_phycosphere",
"arabidopsis_thaliana_rhizosphere_vs_lotus_japonicus_root",
"arabidopsis_thaliana_root_vs_chlamydomonas_reinhardtii_phycosphere",
"arabidopsis_thaliana_root_vs_lotus_japonicus_rhizosphere",
"chlamydomonas_reinhardtii_phycosphere_vs_lotus_japonicus_rhizosphere",
"chlamydomonas_reinhardtii_phycosphere_vs_lotus_japonicus_root")
